Boost/app/manifest-merger-partone-release-report.txt
-- Merging decision tree log ---
manifest
ADDED from AndroidManifest.xml:2:1
	xmlns:android
		ADDED from AndroidManifest.xml:2:11
	package
		ADDED from AndroidManifest.xml:3:5
		INJECTED from AndroidManifest.xml:0:0
		INJECTED from AndroidManifest.xml:0:0
	android:versionName
		ADDED from AndroidManifest.xml:5:5
		INJECTED from AndroidManifest.xml:0:0
		INJECTED from AndroidManifest.xml:0:0
	android:versionCode
		ADDED from AndroidManifest.xml:4:5
		INJECTED from AndroidManifest.xml:0:0
		INJECTED from AndroidManifest.xml:0:0
permission#com.biz2.nowfloats.permission.C2D_MESSAGE
ADDED from AndroidManifest.xml:7:5
	android:protectionLevel
		ADDED from AndroidManifest.xml:9:9
	android:name
		ADDED from AndroidManifest.xml:8:9
uses-permission#com.biz2.nowfloats.permission.C2D_MESSAGE
ADDED from AndroidManifest.xml:11:5
	android:name
		ADDED from AndroidManifest.xml:11:22
uses-permission#android.permission.CLEAR_APP_CACHE
ADDED from AndroidManifest.xml:12:5
	android:name
		ADDED from AndroidManifest.xml:12:22
uses-permission#android.permission.GET_ACCOUNTS
ADDED from AndroidManifest.xml:13:5
MERGED from com.konotor:KonotorActivity:3.0.13:14:4
	android:name
		ADDED from AndroidManifest.xml:13:22
uses-permission#com.google.android.c2dm.permission.RECEIVE
ADDED from AndroidManifest.xml:14:5
MERGED from com.konotor:KonotorActivity:3.0.13:12:4
	android:name
		ADDED from AndroidManifest.xml:14:22
uses-permission#android.permission.WAKE_LOCK
ADDED from AndroidManifest.xml:15:5
MERGED from com.konotor:KonotorActivity:3.0.13:16:2
	android:name
		ADDED from AndroidManifest.xml:15:22
uses-permission#android.permission.INTERNET
ADDED from AndroidManifest.xml:16:5
MERGED from Boost:mobihelp_sdk_android_v1.3.1:unspecified:11:5
MERGED from com.mixpanel.android:mixpanel:4.5.3:18:5
MERGED from com.crashlytics.sdk.android:crashlytics:2.2.1:9:5
MERGED from com.digits.sdk.android:digits:1.2.0:9:5
MERGED from com.twitter.sdk.android:twitter-core:1.3.0:9:5
MERGED from com.twitter.sdk.android:tweet-ui:1.0.5:9:5
MERGED from com.twitter.sdk.android:twitter-core:1.3.0:9:5
MERGED from com.twitter.sdk.android:twitter-core:1.3.0:9:5
MERGED from com.twitter.sdk.android:tweet-composer:0.7.3:9:5
MERGED from com.twitter.sdk.android:twitter-core:1.3.0:9:5
MERGED from com.konotor:KonotorActivity:3.0.13:5:4
	android:name
		ADDED from AndroidManifest.xml:16:22
uses-permission#android.permission.CAMERA
ADDED from AndroidManifest.xml:17:5
	android:name
		ADDED from AndroidManifest.xml:17:22
uses-permission#android.permission.READ_PHONE_STATE
ADDED from AndroidManifest.xml:18:5
	android:name
		ADDED from AndroidManifest.xml:18:22
uses-permission#android.permission.WRITE_EXTERNAL_STORAGE
ADDED from AndroidManifest.xml:19:5
MERGED from Boost:mobihelp_sdk_android_v1.3.1:unspecified:14:5
MERGED from com.konotor:KonotorActivity:3.0.13:8:4
	android:name
		ADDED from AndroidManifest.xml:19:22
uses-permission#android.permission.READ_EXTERNAL_STORAGE
ADDED from AndroidManifest.xml:20:5
	android:name
		ADDED from AndroidManifest.xml:20:22
uses-permission#android.permission.ACCESS_NETWORK_STATE
ADDED from AndroidManifest.xml:21:5
MERGED from Boost:mobihelp_sdk_android_v1.3.1:unspecified:13:5
MERGED from com.konotor:KonotorActivity:3.0.13:6:4
	android:name
		ADDED from AndroidManifest.xml:21:22
uses-permission#android.permission.ACCESS_WIFI_STATE
ADDED from AndroidManifest.xml:22:5
	android:name
		ADDED from AndroidManifest.xml:22:22
uses-permission#com.android.launcher.permission.INSTALL_SHORTCUT
ADDED from AndroidManifest.xml:23:5
	android:name
		ADDED from AndroidManifest.xml:23:22
uses-permission#com.android.launcher.permission.UNINSTALL_SHORTCUT
ADDED from AndroidManifest.xml:24:5
	android:name
		ADDED from AndroidManifest.xml:24:22
uses-permission#android.permission.CALL_PHONE
ADDED from AndroidManifest.xml:25:5
	android:name
		ADDED from AndroidManifest.xml:25:22
uses-permission#android.permission.ACCESS_FINE_LOCATION
ADDED from AndroidManifest.xml:26:5
	android:name
		ADDED from AndroidManifest.xml:26:22
uses-permission#com.android.vending.BILLING
ADDED from AndroidManifest.xml:27:5
	android:name
		ADDED from AndroidManifest.xml:27:22
uses-feature#android.hardware.camera
ADDED from AndroidManifest.xml:29:5
	android:required
		ADDED from AndroidManifest.xml:31:9
	android:name
		ADDED from AndroidManifest.xml:30:9
application
ADDED from AndroidManifest.xml:33:5
MERGED from Boost.app.libs.libraries:volley:unspecified:9:5
MERGED from com.android.support:support-v4:22.2.0:22:5
MERGED from Boost:mobihelp_sdk_android_v1.3.1:unspecified:16:5
MERGED from com.android.support:appcompat-v7:22.2.0:22:5
MERGED from com.android.support:support-v4:22.2.0:22:5
MERGED from com.mixpanel.android:mixpanel:4.5.3:45:5
MERGED from com.google.android.gms:play-services:6.5.87:20:5
MERGED from com.android.support:support-v4:22.2.0:22:5
MERGED from it.sephiroth.android.library.imagezoom:ZoomImageLibrary:1.1.0-SNAPSHOT:11:5
MERGED from it.sephiroth.android.library.easing:android-easing:1.0.3:5:5
MERGED from com.android.support:appcompat-v7:22.2.0:22:5
MERGED from com.android.support:support-v4:22.2.0:22:5
MERGED from com.android.support:cardview-v7:21.0.3:16:5
MERGED from com.android.support:recyclerview-v7:22.1.1:22:5
MERGED from com.android.support:support-v4:22.2.0:22:5
MERGED from com.android.support:support-v4:22.2.0:22:5
MERGED from uk.co.chrisjenx:calligraphy:2.1.0:11:5
MERGED from com.android.support:appcompat-v7:22.2.0:22:5
MERGED from com.android.support:support-v4:22.2.0:22:5
MERGED from com.melnykov:floatingactionbutton:1.1.0:12:5
MERGED from com.android.support:recyclerview-v7:22.1.1:22:5
MERGED from com.android.support:support-v4:22.2.0:22:5
MERGED from com.afollestad:material-dialogs:0.7.4.2:12:5
MERGED from com.android.support:support-v4:22.2.0:22:5
MERGED from com.android.support:appcompat-v7:22.2.0:22:5
MERGED from com.android.support:support-v4:22.2.0:22:5
MERGED from com.android.support:recyclerview-v7:22.1.1:22:5
MERGED from com.android.support:support-v4:22.2.0:22:5
MERGED from com.astuetz:pagerslidingtabstrip:1.0.1:4:5
MERGED from com.android.support:support-v4:22.2.0:22:5
MERGED from com.facebook.android:facebook-android-sdk:3.21.1:24:5
MERGED from com.android.support:support-v4:22.2.0:22:5
MERGED from net.i2p.android.ext:floatingactionbutton:1.8.0:12:5
MERGED from com.crashlytics.sdk.android:crashlytics:2.2.1:11:5
MERGED from com.crashlytics.sdk.android:answers:1.1.1:9:5
MERGED from io.fabric.sdk.android:fabric:1.1.1:9:5
MERGED from io.fabric.sdk.android:fabric:1.1.1:9:5
MERGED from com.crashlytics.sdk.android:beta:1.1.1:9:5
MERGED from io.fabric.sdk.android:fabric:1.1.1:9:5
MERGED from com.twitter.sdk.android:twitter:1.3.0:9:5
MERGED from com.digits.sdk.android:digits:1.2.0:11:5
MERGED from io.fabric.sdk.android:fabric:1.1.1:9:5
MERGED from com.twitter.sdk.android:twitter-core:1.3.0:11:5
MERGED from io.fabric.sdk.android:fabric:1.1.1:9:5
MERGED from com.twitter.sdk.android:tweet-ui:1.0.5:11:5
MERGED from io.fabric.sdk.android:fabric:1.1.1:9:5
MERGED from com.twitter.sdk.android:twitter-core:1.3.0:11:5
MERGED from io.fabric.sdk.android:fabric:1.1.1:9:5
MERGED from com.android.support:support-v4:22.2.0:22:5
MERGED from com.twitter.sdk.android:twitter-core:1.3.0:11:5
MERGED from io.fabric.sdk.android:fabric:1.1.1:9:5
MERGED from io.fabric.sdk.android:fabric:1.1.1:9:5
MERGED from com.twitter.sdk.android:tweet-composer:0.7.3:11:5
MERGED from io.fabric.sdk.android:fabric:1.1.1:9:5
MERGED from com.twitter.sdk.android:twitter-core:1.3.0:11:5
MERGED from io.fabric.sdk.android:fabric:1.1.1:9:5
MERGED from com.konotor:KonotorActivity:3.0.13:20:5
MERGED from com.wdullaer:materialdatetimepicker:1.0.1:28:5
MERGED from com.android.support:support-v4:22.2.0:22:5
MERGED from com.github.navasmdc:MaterialDesign:1.5:11:5
MERGED from com.nispok:snackbar:2.10.0:10:5
MERGED from com.android.support:appcompat-v7:22.2.0:22:5
MERGED from com.android.support:support-v4:22.2.0:22:5
	android:label
		ADDED from AndroidManifest.xml:37:9
	android:allowBackup
		ADDED from AndroidManifest.xml:35:9
	android:icon
		ADDED from AndroidManifest.xml:36:9
	android:theme
		ADDED from AndroidManifest.xml:38:9
	android:name
		ADDED from AndroidManifest.xml:34:9
	tools:ignore
		ADDED from com.mixpanel.android:mixpanel:4.5.3:45:18
activity#com.mixpanel.android.surveys.SurveyActivity
ADDED from AndroidManifest.xml:39:9
	android:name
		ADDED from AndroidManifest.xml:39:19
service#com.nowfloats.Volley.GCMIntentService
ADDED from AndroidManifest.xml:41:9
	android:name
		ADDED from AndroidManifest.xml:41:18
receiver#com.appsflyer.MultipleInstallBroadcastReceiver
ADDED from AndroidManifest.xml:43:9
	android:exported
		ADDED from AndroidManifest.xml:44:13
	android:name
		ADDED from AndroidManifest.xml:43:19
intent-filter#com.android.vending.INSTALL_REFERRER
ADDED from AndroidManifest.xml:45:13
action#com.android.vending.INSTALL_REFERRER
ADDED from AndroidManifest.xml:46:17
	android:name
		ADDED from AndroidManifest.xml:46:25
receiver#com.nowfloats.Volley.AndroidGCMBroadcastReceiver
ADDED from AndroidManifest.xml:50:9
	android:permission
		ADDED from AndroidManifest.xml:52:13
	android:name
		ADDED from AndroidManifest.xml:51:13
intent-filter#com.biz2.nowfloats+com.google.android.c2dm.intent.RECEIVE+com.google.android.c2dm.intent.REGISTRATION
ADDED from AndroidManifest.xml:53:13
action#com.google.android.c2dm.intent.RECEIVE
ADDED from AndroidManifest.xml:54:17
	android:name
		ADDED from AndroidManifest.xml:54:25
action#com.google.android.c2dm.intent.REGISTRATION
ADDED from AndroidManifest.xml:55:17
	android:name
		ADDED from AndroidManifest.xml:55:25
category#com.biz2.nowfloats
ADDED from AndroidManifest.xml:57:17
	android:name
		ADDED from AndroidManifest.xml:57:27
activity#com.nowfloats.signup.UI.UI.PreSignUpActivity
ADDED from AndroidManifest.xml:61:9
	android:screenOrientation
		ADDED from AndroidManifest.xml:64:13
	android:label
		ADDED from AndroidManifest.xml:63:13
	android:name
		ADDED from AndroidManifest.xml:62:13
meta-data#android.support.PARENT_ACTIVITY
ADDED from AndroidManifest.xml:65:13
	android:name
		ADDED from AndroidManifest.xml:66:17
	android:value
		ADDED from AndroidManifest.xml:67:17
activity#com.nowfloats.NavigationDrawer.API.twitter.PrepareRequestTokenActivity
ADDED from AndroidManifest.xml:69:9
	android:name
		ADDED from AndroidManifest.xml:70:13
	android:launchMode
		ADDED from AndroidManifest.xml:71:13
intent-filter#android.intent.action.VIEW+android.intent.category.BROWSABLE+android.intent.category.DEFAULT
ADDED from AndroidManifest.xml:72:13
action#android.intent.action.VIEW
ADDED from AndroidManifest.xml:73:17
	android:name
		ADDED from AndroidManifest.xml:73:25
category#android.intent.category.DEFAULT
ADDED from AndroidManifest.xml:75:17
	android:name
		ADDED from AndroidManifest.xml:75:27
category#android.intent.category.BROWSABLE
ADDED from AndroidManifest.xml:76:17
	android:name
		ADDED from AndroidManifest.xml:76:27
data
ADDED from AndroidManifest.xml:78:17
	android:host
		ADDED from AndroidManifest.xml:79:21
	android:scheme
		ADDED from AndroidManifest.xml:80:21
activity#com.nowfloats.signup.UI.UI.WebSiteAddressActivity
ADDED from AndroidManifest.xml:83:9
	android:screenOrientation
		ADDED from AndroidManifest.xml:86:13
	android:label
		ADDED from AndroidManifest.xml:85:13
	android:name
		ADDED from AndroidManifest.xml:84:13
activity#com.nowfloats.Analytics_Screen.Graph.VisitsPage
ADDED from AndroidManifest.xml:91:9
	android:screenOrientation
		ADDED from AndroidManifest.xml:94:13
	android:label
		ADDED from AndroidManifest.xml:93:13
	android:name
		ADDED from AndroidManifest.xml:92:13
intent-filter#android.intent.action.MAIN
ADDED from AndroidManifest.xml:95:13
action#android.intent.action.MAIN
ADDED from AndroidManifest.xml:96:17
	android:name
		ADDED from AndroidManifest.xml:96:25
activity#com.nowfloats.Analytics_Screen.Graph.Graph_MainActivity
ADDED from AndroidManifest.xml:99:9
	android:screenOrientation
		ADDED from AndroidManifest.xml:102:13
	android:label
		ADDED from AndroidManifest.xml:101:13
	android:name
		ADDED from AndroidManifest.xml:100:13
intent-filter#android.intent.action.MAIN+android.intent.category.DEFAULT
ADDED from AndroidManifest.xml:103:13
activity#com.nowfloats.Analytics_Screen.Graph.MonthDetails
ADDED from AndroidManifest.xml:109:9
	android:screenOrientation
		ADDED from AndroidManifest.xml:112:13
	android:label
		ADDED from AndroidManifest.xml:111:13
	android:name
		ADDED from AndroidManifest.xml:110:13
intent-filter#android.intent.category.DEFAULT+monthDetails
ADDED from AndroidManifest.xml:113:13
action#monthDetails
ADDED from AndroidManifest.xml:114:17
	android:name
		ADDED from AndroidManifest.xml:114:25
activity#com.nowfloats.Analytics_Screen.SearchQueries
ADDED from AndroidManifest.xml:119:9
	android:screenOrientation
		ADDED from AndroidManifest.xml:122:13
	android:label
		ADDED from AndroidManifest.xml:121:13
	android:name
		ADDED from AndroidManifest.xml:120:13
activity#com.nowfloats.signup.UI.UI.BusinessProfileActivity
ADDED from AndroidManifest.xml:135:9
	android:screenOrientation
		ADDED from AndroidManifest.xml:138:13
	android:label
		ADDED from AndroidManifest.xml:137:13
	android:name
		ADDED from AndroidManifest.xml:136:13
activity#com.nowfloats.NavigationDrawer.HomeActivity
ADDED from AndroidManifest.xml:140:9
	android:screenOrientation
		ADDED from AndroidManifest.xml:143:13
	android:label
		ADDED from AndroidManifest.xml:142:13
	android:name
		ADDED from AndroidManifest.xml:141:13
activity#com.nowfloats.BusinessProfile.UI.UI.Business_Address_Activity
ADDED from AndroidManifest.xml:146:9
	android:screenOrientation
		ADDED from AndroidManifest.xml:149:13
	android:label
		ADDED from AndroidManifest.xml:148:13
	android:name
		ADDED from AndroidManifest.xml:147:13
activity#com.nowfloats.BusinessProfile.UI.UI.Contact_Info_Activity
ADDED from AndroidManifest.xml:151:9
	android:screenOrientation
		ADDED from AndroidManifest.xml:154:13
	android:label
		ADDED from AndroidManifest.xml:153:13
	android:name
		ADDED from AndroidManifest.xml:152:13
activity#com.nowfloats.BusinessProfile.UI.UI.Business_Hours_Activity
ADDED from AndroidManifest.xml:156:9
	android:screenOrientation
		ADDED from AndroidManifest.xml:159:13
	android:label
		ADDED from AndroidManifest.xml:158:13
	android:name
		ADDED from AndroidManifest.xml:157:13
activity#com.nowfloats.BusinessProfile.UI.UI.Business_Logo_Activity
ADDED from AndroidManifest.xml:161:9
	android:screenOrientation
		ADDED from AndroidManifest.xml:164:13
	android:label
		ADDED from AndroidManifest.xml:163:13
	android:name
		ADDED from AndroidManifest.xml:162:13
activity#com.nowfloats.BusinessProfile.UI.UI.Social_Sharing_Activity
ADDED from AndroidManifest.xml:166:9
	android:screenOrientation
		ADDED from AndroidManifest.xml:169:13
	android:label
		ADDED from AndroidManifest.xml:168:13
	android:name
		ADDED from AndroidManifest.xml:167:13
meta-data#com.google.android.gms.version
ADDED from AndroidManifest.xml:172:9
MERGED from com.google.android.gms:play-services:6.5.87:21:9
	android:name
		ADDED from AndroidManifest.xml:173:13
	android:value
		ADDED from AndroidManifest.xml:174:13
meta-data#com.google.android.maps.v2.API_KEY
ADDED from AndroidManifest.xml:175:9
	android:name
		ADDED from AndroidManifest.xml:176:13
	android:value
		ADDED from AndroidManifest.xml:177:13
activity#com.nowfloats.BusinessProfile.UI.API.NewMapViewDialogBusinessAddress
ADDED from AndroidManifest.xml:179:9
	android:screenOrientation
		ADDED from AndroidManifest.xml:181:13
	android:theme
		ADDED from AndroidManifest.xml:182:13
	android:name
		ADDED from AndroidManifest.xml:180:13
activity#com.nowfloats.Login.Login_MainActivity
ADDED from AndroidManifest.xml:183:9
	android:screenOrientation
		ADDED from AndroidManifest.xml:186:13
	android:label
		ADDED from AndroidManifest.xml:185:13
	android:name
		ADDED from AndroidManifest.xml:184:13
activity#com.nowfloats.PreSignUp.PreSignUp_MainActivity
ADDED from AndroidManifest.xml:191:9
	android:screenOrientation
		ADDED from AndroidManifest.xml:194:13
	android:label
		ADDED from AndroidManifest.xml:193:13
	android:name
		ADDED from AndroidManifest.xml:192:13
activity#com.nowfloats.Image_Gallery.FullScreen_Gallery_Image
ADDED from AndroidManifest.xml:197:9
	android:label
		ADDED from AndroidManifest.xml:199:13
	android:theme
		ADDED from AndroidManifest.xml:200:13
	android:name
		ADDED from AndroidManifest.xml:198:13
activity#com.nowfloats.NavigationDrawer.Card_Full_View_MainActivity
ADDED from AndroidManifest.xml:202:9
	android:screenOrientation
		ADDED from AndroidManifest.xml:205:13
	android:label
		ADDED from AndroidManifest.xml:204:13
	android:name
		ADDED from AndroidManifest.xml:203:13
activity#com.nowfloats.NavigationDrawer.Create_Message_Activity
ADDED from AndroidManifest.xml:210:9
	android:screenOrientation
		ADDED from AndroidManifest.xml:213:13
	android:label
		ADDED from AndroidManifest.xml:212:13
	android:name
		ADDED from AndroidManifest.xml:211:13
activity#com.nowfloats.Login.ForgotPassword
ADDED from AndroidManifest.xml:218:9
	android:screenOrientation
		ADDED from AndroidManifest.xml:220:13
	android:name
		ADDED from AndroidManifest.xml:219:13
activity#com.nowfloats.PreSignUp.SplashScreen_Activity
ADDED from AndroidManifest.xml:221:9
	android:screenOrientation
		ADDED from AndroidManifest.xml:224:13
	android:label
		ADDED from AndroidManifest.xml:223:13
	android:theme
		ADDED from AndroidManifest.xml:225:13
	android:name
		ADDED from AndroidManifest.xml:222:13
intent-filter#android.intent.action.MAIN+android.intent.category.LAUNCHER
ADDED from AndroidManifest.xml:228:13
category#android.intent.category.LAUNCHER
ADDED from AndroidManifest.xml:231:17
	android:name
		ADDED from AndroidManifest.xml:231:27
activity#com.nowfloats.BusinessProfile.UI.UI.Edit_Profile_Activity
ADDED from AndroidManifest.xml:234:9
	android:screenOrientation
		ADDED from AndroidManifest.xml:237:13
	android:label
		ADDED from AndroidManifest.xml:236:13
	android:name
		ADDED from AndroidManifest.xml:235:13
activity#com.facebook.LoginActivity
ADDED from AndroidManifest.xml:239:9
	android:theme
		ADDED from AndroidManifest.xml:241:13
	android:name
		ADDED from AndroidManifest.xml:240:13
meta-data#com.facebook.sdk.ApplicationId
ADDED from AndroidManifest.xml:243:9
	android:name
		ADDED from AndroidManifest.xml:244:13
	android:value
		ADDED from AndroidManifest.xml:245:13
meta-data#com.mixpanel.android.MPConfig.ResourcePackageName
ADDED from AndroidManifest.xml:246:9
	android:name
		ADDED from AndroidManifest.xml:247:13
	android:value
		ADDED from AndroidManifest.xml:248:13
receiver#com.mixpanel.android.mpmetrics.GCMReceiver
ADDED from AndroidManifest.xml:250:9
	android:permission
		ADDED from AndroidManifest.xml:252:13
	android:name
		ADDED from AndroidManifest.xml:251:13
meta-data#com.crashlytics.ApiKey
ADDED from AndroidManifest.xml:264:9
	android:name
		ADDED from AndroidManifest.xml:265:13
	android:value
		ADDED from AndroidManifest.xml:266:13
activity#com.nowfloats.NavigationDrawer.Mobile_Site_Activity
ADDED from AndroidManifest.xml:268:9
	android:label
		ADDED from AndroidManifest.xml:270:13
	android:name
		ADDED from AndroidManifest.xml:269:13
activity#com.nowfloats.Store.StoreDataActivity
ADDED from AndroidManifest.xml:273:9
	android:screenOrientation
		ADDED from AndroidManifest.xml:276:13
	android:label
		ADDED from AndroidManifest.xml:275:13
	android:name
		ADDED from AndroidManifest.xml:274:13
activity#com.nowfloats.Store.ScreenshotZoomActivity
ADDED from AndroidManifest.xml:278:9
	android:parentActivityName
		ADDED from AndroidManifest.xml:280:13
	android:name
		ADDED from AndroidManifest.xml:279:13
activity#com.nowfloats.Store.DomainLookup
ADDED from AndroidManifest.xml:286:9
	android:name
		ADDED from AndroidManifest.xml:286:19
activity#com.nowfloats.Product_Gallery.Product_Detail_Activity
ADDED from AndroidManifest.xml:288:9
	android:windowSoftInputMode
		ADDED from AndroidManifest.xml:289:13
	android:name
		ADDED from AndroidManifest.xml:288:19
activity#com.nowfloats.NavigationDrawer.EditImageActivity
ADDED from AndroidManifest.xml:290:9
	android:name
		ADDED from AndroidManifest.xml:290:19
activity#com.nowfloats.AccountDetails.AccountInfoActivity
ADDED from AndroidManifest.xml:291:9
	android:name
		ADDED from AndroidManifest.xml:291:19
uses-sdk
INJECTED from AndroidManifest.xml:0:0 reason: use-sdk injection requested
MERGED from com.android.support:multidex:1.0.0:18:5
MERGED from Boost.app.libs.libraries:volley:unspecified:7:5
MERGED from Boost:library:unspecified:7:5
MERGED from com.android.support:support-v4:22.2.0:20:5
MERGED from Boost:mobihelp_sdk_android_v1.3.1:unspecified:7:5
MERGED from com.android.support:appcompat-v7:22.2.0:20:5
MERGED from com.android.support:support-v4:22.2.0:20:5
MERGED from com.mixpanel.android:mixpanel:4.5.3:12:5
MERGED from com.google.android.gms:play-services:6.5.87:18:5
MERGED from com.android.support:support-v4:22.2.0:20:5
MERGED from com.edmodo:cropper:1.0.1:7:5
MERGED from it.sephiroth.android.library.imagezoom:ZoomImageLibrary:1.1.0-SNAPSHOT:7:5
MERGED from it.sephiroth.android.library.easing:android-easing:1.0.3:3:5
MERGED from com.android.support:appcompat-v7:22.2.0:20:5
MERGED from com.android.support:support-v4:22.2.0:20:5
MERGED from com.android.support:cardview-v7:21.0.3:15:5
MERGED from com.android.support:recyclerview-v7:22.1.1:20:5
MERGED from com.android.support:support-v4:22.2.0:20:5
MERGED from com.android.support:support-v4:22.2.0:20:5
MERGED from uk.co.chrisjenx:calligraphy:2.1.0:7:5
MERGED from com.android.support:appcompat-v7:22.2.0:20:5
MERGED from com.android.support:support-v4:22.2.0:20:5
MERGED from com.melnykov:floatingactionbutton:1.1.0:8:5
MERGED from com.android.support:recyclerview-v7:22.1.1:20:5
MERGED from com.android.support:support-v4:22.2.0:20:5
MERGED from com.makeramen:roundedimageview:1.5.0:7:5
MERGED from com.afollestad:material-dialogs:0.7.4.2:8:5
MERGED from com.android.support:support-v4:22.2.0:20:5
MERGED from com.android.support:appcompat-v7:22.2.0:20:5
MERGED from com.android.support:support-v4:22.2.0:20:5
MERGED from com.android.support:recyclerview-v7:22.1.1:20:5
MERGED from com.android.support:support-v4:22.2.0:20:5
MERGED from com.astuetz:pagerslidingtabstrip:1.0.1:2:5
MERGED from com.android.support:support-v4:22.2.0:20:5
MERGED from com.facebook.android:facebook-android-sdk:3.21.1:20:5
MERGED from com.android.support:support-v4:22.2.0:20:5
MERGED from net.i2p.android.ext:floatingactionbutton:1.8.0:8:5
MERGED from com.crashlytics.sdk.android:crashlytics:2.2.1:7:5
MERGED from com.crashlytics.sdk.android:answers:1.1.1:7:5
MERGED from io.fabric.sdk.android:fabric:1.1.1:7:5
MERGED from io.fabric.sdk.android:fabric:1.1.1:7:5
MERGED from com.crashlytics.sdk.android:beta:1.1.1:7:5
MERGED from io.fabric.sdk.android:fabric:1.1.1:7:5
MERGED from com.twitter.sdk.android:twitter:1.3.0:7:5
MERGED from com.digits.sdk.android:digits:1.2.0:7:5
MERGED from io.fabric.sdk.android:fabric:1.1.1:7:5
MERGED from com.twitter.sdk.android:twitter-core:1.3.0:7:5
MERGED from io.fabric.sdk.android:fabric:1.1.1:7:5
MERGED from com.twitter.sdk.android:tweet-ui:1.0.5:7:5
MERGED from io.fabric.sdk.android:fabric:1.1.1:7:5
MERGED from com.twitter.sdk.android:twitter-core:1.3.0:7:5
MERGED from io.fabric.sdk.android:fabric:1.1.1:7:5
MERGED from com.android.support:support-v4:22.2.0:20:5
MERGED from com.twitter.sdk.android:twitter-core:1.3.0:7:5
MERGED from io.fabric.sdk.android:fabric:1.1.1:7:5
MERGED from io.fabric.sdk.android:fabric:1.1.1:7:5
MERGED from com.twitter.sdk.android:tweet-composer:0.7.3:7:5
MERGED from io.fabric.sdk.android:fabric:1.1.1:7:5
MERGED from com.twitter.sdk.android:twitter-core:1.3.0:7:5
MERGED from io.fabric.sdk.android:fabric:1.1.1:7:5
MERGED from com.konotor:KonotorActivity:3.0.13:2:5
MERGED from com.wdullaer:materialdatetimepicker:1.0.1:22:5
MERGED from com.android.support:support-v4:22.2.0:20:5
MERGED from com.github.navasmdc:MaterialDesign:1.5:7:5
MERGED from com.nispok:snackbar:2.10.0:6:5
MERGED from jp.wasabeef:recyclerview-animators:1.2.0:8:5
MERGED from com.daimajia.easing:library:1.0.1:8:5
MERGED from com.daimajia.androidanimations:library:1.1.3:8:5
MERGED from com.rengwuxian.materialedittext:library:2.1.4:6:5
MERGED from com.android.support:appcompat-v7:22.2.0:20:5
MERGED from com.android.support:support-v4:22.2.0:20:5
	android:targetSdkVersion
		INJECTED from AndroidManifest.xml:0:0
		INJECTED from AndroidManifest.xml:0:0
	android:minSdkVersion
		INJECTED from AndroidManifest.xml:0:0
		INJECTED from AndroidManifest.xml:0:0
	tools:ignore
		ADDED from com.mixpanel.android:mixpanel:4.5.3:15:9
uses-permission#android.permission.READ_LOGS
ADDED from Boost:mobihelp_sdk_android_v1.3.1:unspecified:12:5
	android:name
		ADDED from Boost:mobihelp_sdk_android_v1.3.1:unspecified:12:22
activity#com.freshdesk.mobihelp.activity.SolutionArticleListActivity
ADDED from Boost:mobihelp_sdk_android_v1.3.1:unspecified:17:9
	android:windowSoftInputMode
		ADDED from Boost:mobihelp_sdk_android_v1.3.1:unspecified:21:13
	android:configChanges
		ADDED from Boost:mobihelp_sdk_android_v1.3.1:unspecified:19:13
	android:theme
		ADDED from Boost:mobihelp_sdk_android_v1.3.1:unspecified:20:13
	android:name
		ADDED from Boost:mobihelp_sdk_android_v1.3.1:unspecified:18:13
activity#com.freshdesk.mobihelp.activity.FeedbackActivity
ADDED from Boost:mobihelp_sdk_android_v1.3.1:unspecified:23:9
	android:windowSoftInputMode
		ADDED from Boost:mobihelp_sdk_android_v1.3.1:unspecified:27:13
	android:configChanges
		ADDED from Boost:mobihelp_sdk_android_v1.3.1:unspecified:25:13
	android:theme
		ADDED from Boost:mobihelp_sdk_android_v1.3.1:unspecified:26:13
	android:name
		ADDED from Boost:mobihelp_sdk_android_v1.3.1:unspecified:24:13
activity#com.freshdesk.mobihelp.activity.TicketListActivity
ADDED from Boost:mobihelp_sdk_android_v1.3.1:unspecified:29:9
	android:theme
		ADDED from Boost:mobihelp_sdk_android_v1.3.1:unspecified:32:13
	android:parentActivityName
		ADDED from Boost:mobihelp_sdk_android_v1.3.1:unspecified:31:13
	android:name
		ADDED from Boost:mobihelp_sdk_android_v1.3.1:unspecified:30:13
activity#com.freshdesk.mobihelp.activity.SolutionArticleActivity
ADDED from Boost:mobihelp_sdk_android_v1.3.1:unspecified:39:9
	android:configChanges
		ADDED from Boost:mobihelp_sdk_android_v1.3.1:unspecified:41:13
	android:theme
		ADDED from Boost:mobihelp_sdk_android_v1.3.1:unspecified:43:13
	android:parentActivityName
		ADDED from Boost:mobihelp_sdk_android_v1.3.1:unspecified:42:13
	android:name
		ADDED from Boost:mobihelp_sdk_android_v1.3.1:unspecified:40:13
activity#com.freshdesk.mobihelp.activity.ConversationActivity
ADDED from Boost:mobihelp_sdk_android_v1.3.1:unspecified:50:9
	android:windowSoftInputMode
		ADDED from Boost:mobihelp_sdk_android_v1.3.1:unspecified:54:13
	android:theme
		ADDED from Boost:mobihelp_sdk_android_v1.3.1:unspecified:53:13
	android:parentActivityName
		ADDED from Boost:mobihelp_sdk_android_v1.3.1:unspecified:52:13
	android:name
		ADDED from Boost:mobihelp_sdk_android_v1.3.1:unspecified:51:13
activity#com.freshdesk.mobihelp.activity.AttachmentHandlerActivity
ADDED from Boost:mobihelp_sdk_android_v1.3.1:unspecified:61:9
	android:configChanges
		ADDED from Boost:mobihelp_sdk_android_v1.3.1:unspecified:63:13
	android:theme
		ADDED from Boost:mobihelp_sdk_android_v1.3.1:unspecified:65:13
	android:parentActivityName
		ADDED from Boost:mobihelp_sdk_android_v1.3.1:unspecified:64:13
	android:name
		ADDED from Boost:mobihelp_sdk_android_v1.3.1:unspecified:62:13
service#com.freshdesk.mobihelp.service.MobihelpService
ADDED from Boost:mobihelp_sdk_android_v1.3.1:unspecified:73:9
	android:name
		ADDED from Boost:mobihelp_sdk_android_v1.3.1:unspecified:73:18
receiver#com.freshdesk.mobihelp.receiver.ConnectivityReceiver
ADDED from Boost:mobihelp_sdk_android_v1.3.1:unspecified:75:9
	android:name
		ADDED from Boost:mobihelp_sdk_android_v1.3.1:unspecified:75:19
intent-filter#android.net.conn.CONNECTIVITY_CHANGE
ADDED from Boost:mobihelp_sdk_android_v1.3.1:unspecified:76:13
action#android.net.conn.CONNECTIVITY_CHANGE
ADDED from Boost:mobihelp_sdk_android_v1.3.1:unspecified:77:17
	android:name
		ADDED from Boost:mobihelp_sdk_android_v1.3.1:unspecified:77:25
activity#android.support.v7.widget.TestActivity
ADDED from com.android.support:recyclerview-v7:22.1.1:23:9
MERGED from com.android.support:recyclerview-v7:22.1.1:23:9
MERGED from com.android.support:recyclerview-v7:22.1.1:23:9
	android:label
		ADDED from com.android.support:recyclerview-v7:22.1.1:25:13
	android:name
		ADDED from com.android.support:recyclerview-v7:22.1.1:24:13
activity#com.digits.sdk.android.PhoneNumberActivity
ADDED from com.digits.sdk.android:digits:1.2.0:12:9
	android:windowSoftInputMode
		ADDED from com.digits.sdk.android:digits:1.2.0:18:13
	android:configChanges
		ADDED from com.digits.sdk.android:digits:1.2.0:14:13
	android:exported
		ADDED from com.digits.sdk.android:digits:1.2.0:16:13
	android:excludeFromRecents
		ADDED from com.digits.sdk.android:digits:1.2.0:15:13
	android:taskAffinity
		ADDED from com.digits.sdk.android:digits:1.2.0:17:13
	android:name
		ADDED from com.digits.sdk.android:digits:1.2.0:13:13
activity#com.digits.sdk.android.ConfirmationCodeActivity
ADDED from com.digits.sdk.android:digits:1.2.0:19:9
	android:windowSoftInputMode
		ADDED from com.digits.sdk.android:digits:1.2.0:25:13
	android:configChanges
		ADDED from com.digits.sdk.android:digits:1.2.0:21:13
	android:exported
		ADDED from com.digits.sdk.android:digits:1.2.0:23:13
	android:excludeFromRecents
		ADDED from com.digits.sdk.android:digits:1.2.0:22:13
	android:taskAffinity
		ADDED from com.digits.sdk.android:digits:1.2.0:24:13
	android:name
		ADDED from com.digits.sdk.android:digits:1.2.0:20:13
activity#com.digits.sdk.android.LoginCodeActivity
ADDED from com.digits.sdk.android:digits:1.2.0:26:9
	android:windowSoftInputMode
		ADDED from com.digits.sdk.android:digits:1.2.0:33:13
	android:configChanges